<?xml version="1.0" encoding="UTF-8"?>
<testng-results ignored="0" total="1" passed="1" failed="0" skipped="0">
  <reporter-output>
  </reporter-output>
  <suite started-at="2023-12-14T08:22:37 IST" name="Suite" finished-at="2023-12-14T08:22:43 IST" duration-ms="6058">
    <groups>
    </groups>
    <test started-at="2023-12-14T08:22:37 IST" name="Test" finished-at="2023-12-14T08:22:43 IST" duration-ms="6058">
      <class name="package1.sample">
        <test-method signature="sanityTest()[pri:0, instance:package1.sample@10feca44]" started-at="2023-12-14T08:22:37 IST" name="sanityTest" finished-at="2023-12-14T08:22:43 IST" duration-ms="5966" status="PASS">
          <reporter-output>
          </reporter-output>
        </test-method> <!-- sanityTest -->
      </class> <!-- package1.sample -->
    </test> <!-- Test -->
  </suite> <!-- Suite -->
</testng-results>
