<?xml version="1.0" encoding="UTF-8"?>
<testng-results ignored="0" total="1" passed="1" failed="0" skipped="0">
  <reporter-output>
  </reporter-output>
  <suite started-at="2023-12-14T07:28:06 IST" name="Default suite" finished-at="2023-12-14T07:28:13 IST" duration-ms="6804">
    <groups>
    </groups>
    <test started-at="2023-12-14T07:28:06 IST" name="Default test" finished-at="2023-12-14T07:28:13 IST" duration-ms="6804">
      <class name="package1.sample">
        <test-method signature="sanityTest()[pri:0, instance:package1.sample@3c7f66c4]" started-at="2023-12-14T07:28:06 IST" name="sanityTest" finished-at="2023-12-14T07:28:13 IST" duration-ms="6696" status="PASS">
          <reporter-output>
          </reporter-output>
        </test-method> <!-- sanityTest -->
      </class> <!-- package1.sample -->
    </test> <!-- Default test -->
  </suite> <!-- Default suite -->
</testng-results>
