<?xml version="1.0" encoding="UTF-8"?>
<testng-results ignored="0" total="1" passed="1" failed="0" skipped="0">
  <reporter-output>
  </reporter-output>
  <suite started-at="2023-11-22T10:34:33Z" name="Default suite" finished-at="2023-11-22T10:34:33Z" duration-ms="115">
    <groups>
    </groups>
    <test started-at="2023-11-22T10:34:33Z" name="Default test" finished-at="2023-11-22T10:34:33Z" duration-ms="115">
      <class name="package1.loginTest">
        <test-method signature="login()[pri:0, instance:package1.loginTest@6bca7e0d]" started-at="2023-11-22T10:34:33Z" name="login" finished-at="2023-11-22T10:34:33Z" duration-ms="36" status="PASS">
          <reporter-output>
          </reporter-output>
        </test-method> <!-- login -->
      </class> <!-- package1.loginTest -->
    </test> <!-- Default test -->
  </suite> <!-- Default suite -->
</testng-results>
